This is pdfTeX, Version 3.141592653-2.6-1.40.26 (TeX Live 2024) (preloaded format=pdflatex 2025.2.4)  19 FEB 2026 08:37
entering extended mode
 restricted \write18 enabled.
 %&-line parsing enabled.
**midterm_cheatsheet.tex
(./midterm_cheatsheet.tex
LaTeX2e <2023-11-01> patch level 1
L3 programming layer <2024-02-20>
(/usr/local/texlive/2024/texmf-dist/tex/latex/base/article.cls
Document Class: article 2023/05/17 v1.4n Standard LaTeX document class
(/usr/local/texlive/2024/texmf-dist/tex/latex/base/size10.clo
File: size10.clo 2023/05/17 v1.4n Standard LaTeX file (size option)
)
\c@part=\count188
\c@section=\count189
\c@subsection=\count190
\c@subsubsection=\count191
\c@paragraph=\count192
\c@subparagraph=\count193
\c@figure=\count194
\c@table=\count195
\abovecaptionskip=\skip48
\belowcaptionskip=\skip49
\bibindent=\dimen140
)
(/usr/local/texlive/2024/texmf-dist/tex/latex/geometry/geometry.sty
Package: geometry 2020/01/02 v5.9 Page Geometry

(/usr/local/texlive/2024/texmf-dist/tex/latex/graphics/keyval.sty
Package: keyval 2022/05/29 v1.15 key=value parser (DPC)
\KV@toks@=\toks17
)
(/usr/local/texlive/2024/texmf-dist/tex/generic/iftex/ifvtex.sty
Package: ifvtex 2019/10/25 v1.7 ifvtex legacy package. Use iftex instead.

(/usr/local/texlive/2024/texmf-dist/tex/generic/iftex/iftex.sty
Package: iftex 2022/02/03 v1.0f TeX engine tests
))
\Gm@cnth=\count196
\Gm@cntv=\count197
\c@Gm@tempcnt=\count198
\Gm@bindingoffset=\dimen141
\Gm@wd@mp=\dimen142
\Gm@odd@mp=\dimen143
\Gm@even@mp=\dimen144
\Gm@layoutwidth=\dimen145
\Gm@layoutheight=\dimen146
\Gm@layouthoffset=\dimen147
\Gm@layoutvoffset=\dimen148
\Gm@dimlist=\toks18
)
(/usr/local/texlive/2024/texmf-dist/tex/latex/tools/multicol.sty
Package: multicol 2023/03/30 v1.9f multicolumn formatting (FMi)
\c@tracingmulticols=\count199
\mult@box=\box51
\multicol@leftmargin=\dimen149
\c@unbalance=\count266
\c@collectmore=\count267
\doublecol@number=\count268
\multicoltolerance=\count269
\multicolpretolerance=\count270
\full@width=\dimen150
\page@free=\dimen151
\premulticols=\dimen152
\postmulticols=\dimen153
\multicolsep=\skip50
\multicolbaselineskip=\skip51
\partial@page=\box52
\last@line=\box53
\mc@boxedresult=\box54
\maxbalancingoverflow=\dimen154
\mult@rightbox=\box55
\mult@grightbox=\box56
\mult@firstbox=\box57
\mult@gfirstbox=\box58
\@tempa=\box59
\@tempa=\box60
\@tempa=\box61
\@tempa=\box62
\@tempa=\box63
\@tempa=\box64
\@tempa=\box65
\@tempa=\box66
\@tempa=\box67
\@tempa=\box68
\@tempa=\box69
\@tempa=\box70
\@tempa=\box71
\@tempa=\box72
\@tempa=\box73
\@tempa=\box74
\@tempa=\box75
\@tempa=\box76
\@tempa=\box77
\@tempa=\box78
\@tempa=\box79
\@tempa=\box80
\@tempa=\box81
\@tempa=\box82
\@tempa=\box83
\@tempa=\box84
\@tempa=\box85
\@tempa=\box86
\@tempa=\box87
\@tempa=\box88
\@tempa=\box89
\@tempa=\box90
\@tempa=\box91
\@tempa=\box92
\@tempa=\box93
\@tempa=\box94
\c@minrows=\count271
\c@columnbadness=\count272
\c@finalcolumnbadness=\count273
\last@try=\dimen155
\multicolovershoot=\dimen156
\multicolundershoot=\dimen157
\mult@nat@firstbox=\box95
\colbreak@box=\box96
\mc@col@check@num=\count274
)
(/usr/local/texlive/2024/texmf-dist/tex/latex/xcolor/xcolor.sty
Package: xcolor 2023/11/15 v3.01 LaTeX color extensions (UK)

(/usr/local/texlive/2024/texmf-dist/tex/latex/graphics-cfg/color.cfg
File: color.cfg 2016/01/02 v1.6 sample color configuration
)
Package xcolor Info: Driver file: pdftex.def on input line 274.

(/usr/local/texlive/2024/texmf-dist/tex/latex/graphics-def/pdftex.def
File: pdftex.def 2022/09/22 v1.2b Graphics/color driver for pdftex
)
(/usr/local/texlive/2024/texmf-dist/tex/latex/graphics/mathcolor.ltx)
Package xcolor Info: Model `cmy' substituted by `cmy0' on input line 1350.
Package xcolor Info: Model `hsb' substituted by `rgb' on input line 1354.
Package xcolor Info: Model `RGB' extended on input line 1366.
Package xcolor Info: Model `HTML' substituted by `rgb' on input line 1368.
Package xcolor Info: Model `Hsb' substituted by `hsb' on input line 1369.
Package xcolor Info: Model `tHsb' substituted by `hsb' on input line 1370.
Package xcolor Info: Model `HSB' substituted by `hsb' on input line 1371.
Package xcolor Info: Model `Gray' substituted by `gray' on input line 1372.
Package xcolor Info: Model `wave' substituted by `hsb' on input line 1373.
)
(/usr/local/texlive/2024/texmf-dist/tex/latex/enumitem/enumitem.sty
Package: enumitem 2019/06/20 v3.9 Customized lists
\labelindent=\skip52
\enit@outerparindent=\dimen158
\enit@toks=\toks19
\enit@inbox=\box97
\enit@count@id=\count275
\enitdp@description=\count276
)
(/usr/local/texlive/2024/texmf-dist/tex/latex/amsmath/amsmath.sty
Package: amsmath 2023/05/13 v2.17o AMS math features
\@mathmargin=\skip53

For additional information on amsmath, use the `?' option.
(/usr/local/texlive/2024/texmf-dist/tex/latex/amsmath/amstext.sty
Package: amstext 2021/08/26 v2.01 AMS text

(/usr/local/texlive/2024/texmf-dist/tex/latex/amsmath/amsgen.sty
File: amsgen.sty 1999/11/30 v2.0 generic functions
\@emptytoks=\toks20
\ex@=\dimen159
))
(/usr/local/texlive/2024/texmf-dist/tex/latex/amsmath/amsbsy.sty
Package: amsbsy 1999/11/29 v1.2d Bold Symbols
\pmbraise@=\dimen160
)
(/usr/local/texlive/2024/texmf-dist/tex/latex/amsmath/amsopn.sty
Package: amsopn 2022/04/08 v2.04 operator names
)
\inf@bad=\count277
LaTeX Info: Redefining \frac on input line 234.
\uproot@=\count278
\leftroot@=\count279
LaTeX Info: Redefining \overline on input line 399.
LaTeX Info: Redefining \colon on input line 410.
\classnum@=\count280
\DOTSCASE@=\count281
LaTeX Info: Redefining \ldots on input line 496.
LaTeX Info: Redefining \dots on input line 499.
LaTeX Info: Redefining \cdots on input line 620.
\Mathstrutbox@=\box98
\strutbox@=\box99
LaTeX Info: Redefining \big on input line 722.
LaTeX Info: Redefining \Big on input line 723.
LaTeX Info: Redefining \bigg on input line 724.
LaTeX Info: Redefining \Bigg on input line 725.
\big@size=\dimen161
LaTeX Font Info:    Redeclaring font encoding OML on input line 743.
LaTeX Font Info:    Redeclaring font encoding OMS on input line 744.
\macc@depth=\count282
LaTeX Info: Redefining \bmod on input line 905.
LaTeX Info: Redefining \pmod on input line 910.
LaTeX Info: Redefining \smash on input line 940.
LaTeX Info: Redefining \relbar on input line 970.
LaTeX Info: Redefining \Relbar on input line 971.
\c@MaxMatrixCols=\count283
\dotsspace@=\muskip16
\c@parentequation=\count284
\dspbrk@lvl=\count285
\tag@help=\toks21
\row@=\count286
\column@=\count287
\maxfields@=\count288
\andhelp@=\toks22
\eqnshift@=\dimen162
\alignsep@=\dimen163
\tagshift@=\dimen164
\tagwidth@=\dimen165
\totwidth@=\dimen166
\lineht@=\dimen167
\@envbody=\toks23
\multlinegap=\skip54
\multlinetaggap=\skip55
\mathdisplay@stack=\toks24
LaTeX Info: Redefining \[ on input line 2953.
LaTeX Info: Redefining \] on input line 2954.
)
(/usr/local/texlive/2024/texmf-dist/tex/latex/amsfonts/amssymb.sty
Package: amssymb 2013/01/14 v3.01 AMS font symbols

(/usr/local/texlive/2024/texmf-dist/tex/latex/amsfonts/amsfonts.sty
Package: amsfonts 2013/01/14 v3.01 Basic AMSFonts support
\symAMSa=\mathgroup4
\symAMSb=\mathgroup5
LaTeX Font Info:    Redeclaring math symbol \hbar on input line 98.
LaTeX Font Info:    Overwriting math alphabet `\mathfrak' in version `bold'
(Font)                  U/euf/m/n --> U/euf/b/n on input line 106.
))
(/usr/local/texlive/2024/texmf-dist/tex/latex/tools/array.sty
Package: array 2023/10/16 v2.5g Tabular extension package (FMi)
\col@sep=\dimen168
\ar@mcellbox=\box100
\extrarowheight=\dimen169
\NC@list=\toks25
\extratabsurround=\skip56
\backup@length=\skip57
\ar@cellbox=\box101
)
(/usr/local/texlive/2024/texmf-dist/tex/latex/colortbl/colortbl.sty
Package: colortbl 2024/02/20 v1.0g Color table columns (DPC)
\everycr=\toks26
\minrowclearance=\skip58
\rownum=\count289
)
(/usr/local/texlive/2024/texmf-dist/tex/latex/tools/tabularx.sty
Package: tabularx 2023/07/08 v2.11c `tabularx' package (DPC)
\TX@col@width=\dimen170
\TX@old@table=\dimen171
\TX@old@col=\dimen172
\TX@target=\dimen173
\TX@delta=\dimen174
\TX@cols=\count290
\TX@ftn=\toks27
)
(/usr/local/texlive/2024/texmf-dist/tex/latex/graphics/graphicx.sty
Package: graphicx 2021/09/16 v1.2d Enhanced LaTeX Graphics (DPC,SPQR)

(/usr/local/texlive/2024/texmf-dist/tex/latex/graphics/graphics.sty
Package: graphics 2022/03/10 v1.4e Standard LaTeX Graphics (DPC,SPQR)

(/usr/local/texlive/2024/texmf-dist/tex/latex/graphics/trig.sty
Package: trig 2021/08/11 v1.11 sin cos tan (DPC)
)
(/usr/local/texlive/2024/texmf-dist/tex/latex/graphics-cfg/graphics.cfg
File: graphics.cfg 2016/06/04 v1.11 sample graphics configuration
)
Package graphics Info: Driver file: pdftex.def on input line 107.
)
\Gin@req@height=\dimen175
\Gin@req@width=\dimen176
)
(/usr/local/texlive/2024/texmf-dist/tex/latex/base/fontenc.sty
Package: fontenc 2021/04/29 v2.0v Standard LaTeX package
)
(/usr/local/texlive/2024/texmf-dist/tex/latex/lm/lmodern.sty
Package: lmodern 2015/05/01 v1.6.1 Latin Modern Fonts
LaTeX Font Info:    Overwriting symbol font `operators' in version `normal'
(Font)                  OT1/cmr/m/n --> OT1/lmr/m/n on input line 22.
LaTeX Font Info:    Overwriting symbol font `letters' in version `normal'
(Font)                  OML/cmm/m/it --> OML/lmm/m/it on input line 23.
LaTeX Font Info:    Overwriting symbol font `symbols' in version `normal'
(Font)                  OMS/cmsy/m/n --> OMS/lmsy/m/n on input line 24.
LaTeX Font Info:    Overwriting symbol font `largesymbols' in version `normal'
(Font)                  OMX/cmex/m/n --> OMX/lmex/m/n on input line 25.
LaTeX Font Info:    Overwriting symbol font `operators' in version `bold'
(Font)                  OT1/cmr/bx/n --> OT1/lmr/bx/n on input line 26.
LaTeX Font Info:    Overwriting symbol font `letters' in version `bold'
(Font)                  OML/cmm/b/it --> OML/lmm/b/it on input line 27.
LaTeX Font Info:    Overwriting symbol font `symbols' in version `bold'
(Font)                  OMS/cmsy/b/n --> OMS/lmsy/b/n on input line 28.
LaTeX Font Info:    Overwriting symbol font `largesymbols' in version `bold'
(Font)                  OMX/cmex/m/n --> OMX/lmex/m/n on input line 29.
LaTeX Font Info:    Overwriting math alphabet `\mathbf' in version `normal'
(Font)                  OT1/cmr/bx/n --> OT1/lmr/bx/n on input line 31.
LaTeX Font Info:    Overwriting math alphabet `\mathsf' in version `normal'
(Font)                  OT1/cmss/m/n --> OT1/lmss/m/n on input line 32.
LaTeX Font Info:    Overwriting math alphabet `\mathit' in version `normal'
(Font)                  OT1/cmr/m/it --> OT1/lmr/m/it on input line 33.
LaTeX Font Info:    Overwriting math alphabet `\mathtt' in version `normal'
(Font)                  OT1/cmtt/m/n --> OT1/lmtt/m/n on input line 34.
LaTeX Font Info:    Overwriting math alphabet `\mathbf' in version `bold'
(Font)                  OT1/cmr/bx/n --> OT1/lmr/bx/n on input line 35.
LaTeX Font Info:    Overwriting math alphabet `\mathsf' in version `bold'
(Font)                  OT1/cmss/bx/n --> OT1/lmss/bx/n on input line 36.
LaTeX Font Info:    Overwriting math alphabet `\mathit' in version `bold'
(Font)                  OT1/cmr/bx/it --> OT1/lmr/bx/it on input line 37.
LaTeX Font Info:    Overwriting math alphabet `\mathtt' in version `bold'
(Font)                  OT1/cmtt/m/n --> OT1/lmtt/m/n on input line 38.
)
LaTeX Font Info:    Trying to load font information for T1+lmr on input line 45
.

(/usr/local/texlive/2024/texmf-dist/tex/latex/lm/t1lmr.fd
File: t1lmr.fd 2015/05/01 v1.6.1 Font defs for Latin Modern
)
(/usr/local/texlive/2024/texmf-dist/tex/latex/l3backend/l3backend-pdftex.def
File: l3backend-pdftex.def 2024-02-20 L3 backend support: PDF output (pdfTeX)
\l__color_backend_stack_int=\count291
\l__pdf_internal_box=\box102
)
(./midterm_cheatsheet.aux)
\openout1 = `midterm_cheatsheet.aux'.

LaTeX Font Info:    Checking defaults for OML/cmm/m/it on input line 45.
LaTeX Font Info:    ... okay on input line 45.
LaTeX Font Info:    Checking defaults for OMS/cmsy/m/n on input line 45.
LaTeX Font Info:    ... okay on input line 45.
LaTeX Font Info:    Checking defaults for OT1/cmr/m/n on input line 45.
LaTeX Font Info:    ... okay on input line 45.
LaTeX Font Info:    Checking defaults for T1/cmr/m/n on input line 45.
LaTeX Font Info:    ... okay on input line 45.
LaTeX Font Info:    Checking defaults for TS1/cmr/m/n on input line 45.
LaTeX Font Info:    ... okay on input line 45.
LaTeX Font Info:    Checking defaults for OMX/cmex/m/n on input line 45.
LaTeX Font Info:    ... okay on input line 45.
LaTeX Font Info:    Checking defaults for U/cmr/m/n on input line 45.
LaTeX Font Info:    ... okay on input line 45.

*geometry* driver: auto-detecting
*geometry* detected driver: pdftex
*geometry* verbose mode - [ preamble ] result:
* driver: pdftex
* paper: a4paper
* layout: <same size as paper>
* layoutoffset:(h,v)=(0.0pt,0.0pt)
* modes: 
* h-part:(L,W,R)=(8.67204pt, 580.16379pt, 8.67204pt)
* v-part:(T,H,B)=(8.67204pt, 827.70276pt, 8.67204pt)
* \paperwidth=597.50787pt
* \paperheight=845.04684pt
* \textwidth=580.16379pt
* \textheight=827.70276pt
* \oddsidemargin=-63.59795pt
* \evensidemargin=-63.59795pt
* \topmargin=-100.59795pt
* \headheight=12.0pt
* \headsep=25.0pt
* \topskip=10.0pt
* \footskip=30.0pt
* \marginparwidth=57.0pt
* \marginparsep=11.0pt
* \columnsep=10.0pt
* \skip\footins=9.0pt plus 4.0pt minus 2.0pt
* \hoffset=0.0pt
* \voffset=0.0pt
* \mag=1000
* \@twocolumnfalse
* \@twosidefalse
* \@mparswitchfalse
* \@reversemarginfalse
* (1in=72.27pt=25.4mm, 1cm=28.453pt)

(/usr/local/texlive/2024/texmf-dist/tex/context/base/mkii/supp-pdf.mkii
[Loading MPS to PDF converter (version 2006.09.02).]
\scratchcounter=\count292
\scratchdimen=\dimen177
\scratchbox=\box103
\nofMPsegments=\count293
\nofMParguments=\count294
\everyMPshowfont=\toks28
\MPscratchCnt=\count295
\MPscratchDim=\dimen178
\MPnumerator=\count296
\makeMPintoPDFobject=\count297
\everyMPtoPDFconversion=\toks29
) (/usr/local/texlive/2024/texmf-dist/tex/latex/epstopdf-pkg/epstopdf-base.sty
Package: epstopdf-base 2020-01-24 v2.11 Base part for package epstopdf
Package epstopdf-base Info: Redefining graphics rule for `.eps' on input line 4
85.

(/usr/local/texlive/2024/texmf-dist/tex/latex/latexconfig/epstopdf-sys.cfg
File: epstopdf-sys.cfg 2010/07/13 v1.3 Configuration of (r)epstopdf for TeX Liv
e
))
LaTeX Font Info:    Trying to load font information for T1+lmss on input line 6
1.

(/usr/local/texlive/2024/texmf-dist/tex/latex/lm/t1lmss.fd
File: t1lmss.fd 2015/05/01 v1.6.1 Font defs for Latin Modern
)
LaTeX Font Info:    Trying to load font information for OT1+lmr on input line 6
4.

(/usr/local/texlive/2024/texmf-dist/tex/latex/lm/ot1lmr.fd
File: ot1lmr.fd 2015/05/01 v1.6.1 Font defs for Latin Modern
)
LaTeX Font Info:    Trying to load font information for OML+lmm on input line 6
4.

(/usr/local/texlive/2024/texmf-dist/tex/latex/lm/omllmm.fd
File: omllmm.fd 2015/05/01 v1.6.1 Font defs for Latin Modern
)
LaTeX Font Info:    Trying to load font information for OMS+lmsy on input line 
64.

(/usr/local/texlive/2024/texmf-dist/tex/latex/lm/omslmsy.fd
File: omslmsy.fd 2015/05/01 v1.6.1 Font defs for Latin Modern
)
LaTeX Font Info:    Trying to load font information for OMX+lmex on input line 
64.

(/usr/local/texlive/2024/texmf-dist/tex/latex/lm/omxlmex.fd
File: omxlmex.fd 2015/05/01 v1.6.1 Font defs for Latin Modern
)
LaTeX Font Info:    External font `lmex10' loaded for size
(Font)              <6> on input line 64.
LaTeX Font Info:    External font `lmex10' loaded for size
(Font)              <5> on input line 64.
LaTeX Font Info:    Trying to load font information for U+msa on input line 64.


(/usr/local/texlive/2024/texmf-dist/tex/latex/amsfonts/umsa.fd
File: umsa.fd 2013/01/14 v3.01 AMS symbols A
)
LaTeX Font Info:    Trying to load font information for U+msb on input line 64.


(/usr/local/texlive/2024/texmf-dist/tex/latex/amsfonts/umsb.fd
File: umsb.fd 2013/01/14 v3.01 AMS symbols B
)
LaTeX Font Info:    Calculating math sizes for size <5.8> on input line 74.
LaTeX Font Info:    External font `lmex10' loaded for size
(Font)              <5.8> on input line 74.
LaTeX Font Info:    External font `lmex10' loaded for size
(Font)              <4.05998> on input line 74.
LaTeX Font Info:    External font `lmex10' loaded for size
(Font)              <2.9> on input line 74.
LaTeX Font Info:    Calculating math sizes for size <4.8> on input line 86.
LaTeX Font Info:    External font `lmex10' loaded for size
(Font)              <4.8> on input line 86.
LaTeX Font Info:    External font `lmex10' loaded for size
(Font)              <3.35999> on input line 86.
LaTeX Font Info:    External font `lmex10' loaded for size
(Font)              <2.4> on input line 86.

Underfull \hbox (badness 10000) in paragraph at lines 149--153
\T1/lmr/m/n/6 Check: $\OML/lmm/m/it/6 x[] [] \OT1/lmr/m/n/6 0 + [] 90[]1[]0[]1$
[]\T1/lmr/m/n/6 , $\OML/lmm/m/it/6 y[] [] \OT1/lmr/m/n/6 0 +
 []


Underfull \hbox (badness 10000) in paragraph at lines 169--172
[]$\OML/lmm/m/it/6 K \OT1/lmr/m/n/6 = []$$\OML/lmm/m/it/6 f[]; f[]$\T1/lmr/m/n/
6 =focal length (px),
 []


Underfull \hbox (badness 10000) in paragraph at lines 324--330
[]$\OML/lmm/m/it/6 S$\T1/lmr/m/n/6 =states, $\OML/lmm/m/it/6 A$\T1/lmr/m/n/6 =a
ctions, $\OML/lmm/m/it/6 P\OT1/lmr/m/n/6 (\OML/lmm/m/it/6 s[]\OMS/lmsy/m/n/6 j\
OML/lmm/m/it/6 s; a\OT1/lmr/m/n/6 )$\T1/lmr/m/n/6 =transition,
 []


Overfull \hbox (14.3779pt too wide) in paragraph at lines 337--339
\T1/lmr/bx/n/6 Optimal: $[]$ 
 []


Overfull \hbox (5.54163pt too wide) in paragraph at lines 352--360
[][] 
 []


Overfull \hbox (4.55408pt too wide) in paragraph at lines 362--369
\T1/lmr/bx/n/6 Stochastic Q: $\OML/lmm/m/it/6 Q\OT1/lmr/m/n/6 (\OML/lmm/m/it/6 
s; a\OT1/lmr/m/n/6 )[] [][] \OML/lmm/m/it/6 P\OT1/lmr/m/n/6 (\OML/lmm/m/it/6 s[
]\OMS/lmsy/m/n/6 j\OML/lmm/m/it/6 s; a\OT1/lmr/m/n/6 )[\OML/lmm/m/it/6 R\OT1/lm
r/m/n/6 (\OML/lmm/m/it/6 s; a; s[]\OT1/lmr/m/n/6 )[]\OML/lmm/m/it/6 ^^MV\OT1/lm
r/m/n/6 (\OML/lmm/m/it/6 s[]\OT1/lmr/m/n/6 )]$\T1/lmr/m/n/6 . 
 []


Underfull \hbox (badness 10000) in paragraph at lines 362--369
\T1/lmr/m/n/6 Ex: $\OML/lmm/m/it/6 P\OT1/lmr/m/n/6 (\OML/lmm/m/it/6 s[]\OT1/lmr
/m/n/6 )[]0\OML/lmm/m/it/6 :\OT1/lmr/m/n/6 7\OML/lmm/m/it/6 ; P\OT1/lmr/m/n/6 (
\OML/lmm/m/it/6 s[]\OT1/lmr/m/n/6 )[]0\OML/lmm/m/it/6 :\OT1/lmr/m/n/6 3$\T1/lmr
/m/n/6 : $\OML/lmm/m/it/6 Q[]\OT1/lmr/m/n/6 0\OML/lmm/m/it/6 :\OT1/lmr/m/n/6 7[
\OML/lmm/m/it/6 R[][]^^MV[]\OT1/lmr/m/n/6 ] +
 []

[1

{/usr/local/texlive/2024/texmf-var/fonts/map/pdftex/updmap/pdftex.map}{/usr/loc
al/texlive/2024/texmf-dist/fonts/enc/dvips/lm/lm-ec.enc}{/usr/local/texlive/202
4/texmf-dist/fonts/enc/dvips/lm/lm-rm.enc}{/usr/local/texlive/2024/texmf-dist/f
onts/enc/dvips/lm/lm-mathit.enc}{/usr/local/texlive/2024/texmf-dist/fonts/enc/d
vips/lm/lm-mathsy.enc}{/usr/local/texlive/2024/texmf-dist/fonts/enc/dvips/lm/lm
-mathex.enc}]
Underfull \hbox (badness 10000) in paragraph at lines 412--423
\OML/lmm/m/it/6 h\OT1/lmr/m/n/6 [\OML/lmm/m/it/6 m; n\OT1/lmr/m/n/6 ] = [][] \O
ML/lmm/m/it/6 g\OT1/lmr/m/n/6 [\OML/lmm/m/it/6 k; l\OT1/lmr/m/n/6 ] \OML/lmm/m/
it/6 f\OT1/lmr/m/n/6 [\OML/lmm/m/it/6 m[]k; n[]l\OT1/lmr/m/n/6 ]$\T1/lmr/m/n/6 
. Out-put:
 []


Underfull \hbox (badness 10000) in paragraph at lines 412--423
[]$\U/msa/m/n/5.8 I$[]\T1/lmr/m/n/6 Prac Q1c ker-nel: neg-a-tive top, pos-i-tiv
e bot-
 []

LaTeX Font Info:    Calculating math sizes for size <5.5> on input line 455.
LaTeX Font Info:    External font `lmex10' loaded for size
(Font)              <5.5> on input line 455.
LaTeX Font Info:    External font `lmex10' loaded for size
(Font)              <3.84998> on input line 455.
LaTeX Font Info:    External font `lmex10' loaded for size
(Font)              <2.75> on input line 455.

Underfull \hbox (badness 10000) in paragraph at lines 455--461
[]$\OML/lmm/m/it/5.5 R[]\OT1/lmr/m/n/5.5 (\OML/lmm/m/it/5.5 \OT1/lmr/m/n/5.5 )
[] []$ $\OML/lmm/m/it/5.5 R[]\OT1/lmr/m/n/5.5 (\OML/lmm/m/it/5.5 ^^L\OT1/lmr/m/
n/5.5 )[] []$
 []


Underfull \hbox (badness 10000) in paragraph at lines 499--506
\T1/lmr/bx/n/6 Meas. model \T1/lmr/m/n/6 [PS3 Q1c]: $\OML/lmm/m/it/6 P\OT1/lmr/
m/n/6 ([] \OMS/lmsy/m/n/6 j
 []


Overfull \hbox (13.39006pt too wide) in paragraph at lines 512--526
\T1/lmr/bx/n/6 IK: $\OML/lmm/m/it/6 c^^R[][][]$\T1/lmr/m/n/6 ; $\OML/lmm/m/it/6
 ^^R[][][]\OT1/lmr/m/n/6 (\OML/lmm/m/it/6 y; x\OT1/lmr/m/n/6 )[][](\OML/lmm/m/i
t/6 l[]s[]; l[][]l[]c[]\OT1/lmr/m/n/6 )$ 
 []


Underfull \hbox (badness 10000) in paragraph at lines 512--526
\T1/lmr/bx/n/6 Camera: $\OML/lmm/m/it/6 s\OT1/lmr/m/n/6 [\OML/lmm/m/it/6 u; v; 
\OT1/lmr/m/n/6 1][][]\OML/lmm/m/it/6 K\OT1/lmr/m/n/6 [\OML/lmm/m/it/6 R\OMS/lms
y/m/n/6 j\OML/lmm/m/it/6 t\OT1/lmr/m/n/6 ][\OML/lmm/m/it/6 X; Y; Z; \OT1/lmr/m/
n/6 1][]$\T1/lmr/m/n/6 . Pose:
 []


Underfull \hbox (badness 10000) in paragraph at lines 512--526
\T1/lmr/bx/n/6 DMP: $\OML/lmm/m/it/6 ^^\[][]K\OT1/lmr/m/n/6 (\OML/lmm/m/it/6 g[
]x\OT1/lmr/m/n/6 )[]\OML/lmm/m/it/6 Dv[]\OT1/lmr/m/n/6 (\OML/lmm/m/it/6 g[]x[]\
OT1/lmr/m/n/6 )\OML/lmm/m/it/6 f\OT1/lmr/m/n/6 (\OML/lmm/m/it/6 s\OT1/lmr/m/n/6
 )$\T1/lmr/m/n/6 ; $\OML/lmm/m/it/6 f[][]$\T1/lmr/m/n/6 ;
 []


Underfull \hbox (badness 10000) in paragraph at lines 512--526
\T1/lmr/bx/n/6 Conv: $\OML/lmm/m/it/6 h\OT1/lmr/m/n/6 [\OML/lmm/m/it/6 m; n\OT1
/lmr/m/n/6 ][] [] \OML/lmm/m/it/6 g\OT1/lmr/m/n/6 [\OML/lmm/m/it/6 k; l\OT1/lmr
/m/n/6 ]\OML/lmm/m/it/6 f\OT1/lmr/m/n/6 [\OML/lmm/m/it/6 m[]k; n[]l\OT1/lmr/m/n
/6 ]$\T1/lmr/m/n/6 . \T1/lmr/bx/n/6 Gauss:
 []


Underfull \hbox (badness 10000) in paragraph at lines 540--550
\T1/lmr/bx/n/6 MDP Q-value: $\OML/lmm/m/it/6 Q[]R[]^^MV\OT1/lmr/m/n/6 (\OML/lmm
/m/it/6 s[]\OT1/lmr/m/n/6 )$ \T1/lmr/m/n/6 if de-ter-min-is-tic.
 []

[2] (./midterm_cheatsheet.aux)
 ***********
LaTeX2e <2023-11-01> patch level 1
L3 programming layer <2024-02-20>
 ***********
 ) 
Here is how much of TeX's memory you used:
 4745 strings out of 474116
 70319 string characters out of 5743683
 2016187 words of memory out of 5000000
 27031 multiletter control sequences out of 15000+600000
 676593 words of font info for 127 fonts, out of 8000000 for 9000
 1141 hyphenation exceptions out of 8191
 57i,14n,65p,290b,245s stack positions out of 10000i,1000n,20000p,200000b,200000s
</usr/local/texlive/2024/texmf-dist/fonts/type1/public/lm/lmbsy5.pfb></usr/lo
cal/texlive/2024/texmf-dist/fonts/type1/public/lm/lmbx6.pfb></usr/local/texlive
/2024/texmf-dist/fonts/type1/public/lm/lmex10.pfb></usr/local/texlive/2024/texm
f-dist/fonts/type1/public/lm/lmmi5.pfb></usr/local/texlive/2024/texmf-dist/font
s/type1/public/lm/lmmi6.pfb></usr/local/texlive/2024/texmf-dist/fonts/type1/pub
lic/lm/lmmib7.pfb></usr/local/texlive/2024/texmf-dist/fonts/type1/public/lm/lmr
5.pfb></usr/local/texlive/2024/texmf-dist/fonts/type1/public/lm/lmr6.pfb></usr/
local/texlive/2024/texmf-dist/fonts/type1/public/lm/lmssbx10.pfb></usr/local/te
xlive/2024/texmf-dist/fonts/type1/public/lm/lmsy5.pfb></usr/local/texlive/2024/
texmf-dist/fonts/type1/public/lm/lmsy6.pfb></usr/local/texlive/2024/texmf-dist/
fonts/type1/public/amsfonts/symbols/msam5.pfb></usr/local/texlive/2024/texmf-di
st/fonts/type1/public/amsfonts/symbols/msam7.pfb>
Output written on midterm_cheatsheet.pdf (2 pages, 237063 bytes).
PDF statistics:
 90 PDF objects out of 1000 (max. 8388607)
 56 compressed objects within 1 object stream
 0 named destinations out of 1000 (max. 500000)
 1 words of extra memory for PDF output out of 10000 (max. 10000000)

